<?xml version="1.0" encoding="UTF-8"?>
<testng-results ignored="0" total="1" passed="1" failed="0" skipped="0">
  <reporter-output>
  </reporter-output>
  <suite started-at="2023-11-04T15:12:56 IST" name="Default suite" finished-at="2023-11-04T15:13:19 IST" duration-ms="22506">
    <groups>
    </groups>
    <test started-at="2023-11-04T15:12:56 IST" name="Default test" finished-at="2023-11-04T15:13:19 IST" duration-ms="22506">
      <class name="books.DWS_Books_04_Test">
        <test-method is-config="true" signature="launchingBrowserAndNavigateToApplication()[pri:0, instance:books.DWS_Books_04_Test@1caa0244]" started-at="2023-11-04T15:12:57 IST" name="launchingBrowserAndNavigateToApplication" finished-at="2023-11-04T15:13:11 IST" duration-ms="13877" status="PASS">
          <reporter-output>
          </reporter-output>
        </test-method> <!-- launchingBrowserAndNavigateToApplication -->
        <test-method is-config="true" signature="loginToApplication()[pri:0, instance:books.DWS_Books_04_Test@1caa0244]" started-at="2023-11-04T15:13:11 IST" name="loginToApplication" finished-at="2023-11-04T15:13:11 IST" duration-ms="176" status="PASS">
          <reporter-output>
          </reporter-output>
        </test-method> <!-- loginToApplication -->
        <test-method signature="Add_the_product_from_Book_link_and_check_whether_the_product_is_being_added_to_cart()[pri:0, instance:books.DWS_Books_04_Test@1caa0244]" started-at="2023-11-04T15:13:11 IST" name="Add_the_product_from_Book_link_and_check_whether_the_product_is_being_added_to_cart" finished-at="2023-11-04T15:13:19 IST" duration-ms="7392" status="PASS">
          <reporter-output>
          </reporter-output>
        </test-method> <!-- Add_the_product_from_Book_link_and_check_whether_the_product_is_being_added_to_cart -->
        <test-method is-config="true" signature="logoutFromApplication()[pri:0, instance:books.DWS_Books_04_Test@1caa0244]" started-at="2023-11-04T15:13:19 IST" name="logoutFromApplication" finished-at="2023-11-04T15:13:19 IST" duration-ms="1" status="PASS">
          <reporter-output>
          </reporter-output>
        </test-method> <!-- logoutFromApplication -->
        <test-method is-config="true" signature="teardownTheBrowser()[pri:0, instance:books.DWS_Books_04_Test@1caa0244]" started-at="2023-11-04T15:13:19 IST" name="teardownTheBrowser" finished-at="2023-11-04T15:13:19 IST" duration-ms="344" status="PASS">
          <reporter-output>
          </reporter-output>
        </test-method> <!-- teardownTheBrowser -->
      </class> <!-- books.DWS_Books_04_Test -->
    </test> <!-- Default test -->
  </suite> <!-- Default suite -->
</testng-results>
